Starting Application on WAK-20190514FAU with PID 9644 (started by Administrator in G:\IDEA workspace\springboot-freemarker)
No active profile set, falling back to default profiles: default
Devtools property defaults active! Set 'spring.devtools.add-properties' to 'false' to disable
For additional web related logging consider setting the 'logging.level.web' property to 'DEBUG'
Tomcat initialized with port(s): 8080 (http)
Initializing ProtocolHandler ["http-nio-8080"]
Starting service [Tomcat]
Starting Servlet engine: [Apache Tomcat/9.0.22]
Initializing Spring embedded WebApplicationContext
Root WebApplicationContext: initialization completed in 2666 ms
Initializing ExecutorService 'applicationTaskExecutor'
Adding welcome page template: index
LiveReload server is running on port 35729
Starting ProtocolHandler ["http-nio-8080"]
Tomcat started on port(s): 8080 (http) with context path ''
Started Application in 4.928 seconds (JVM running for 7.856)
Shutting down ExecutorService 'applicationTaskExecutor'
Starting Application on WAK-20190514FAU with PID 9644 (started by Administrator in G:\IDEA workspace\springboot-freemarker)
No active profile set, falling back to default profiles: default
Tomcat initialized with port(s): 8080 (http)
Initializing ProtocolHandler ["http-nio-8080"]
Starting service [Tomcat]
Starting Servlet engine: [Apache Tomcat/9.0.22]
Initializing Spring embedded WebApplicationContext
Root WebApplicationContext: initialization completed in 798 ms
Initializing ExecutorService 'applicationTaskExecutor'
Adding welcome page template: index
LiveReload server is running on port 35729
Starting ProtocolHandler ["http-nio-8080"]
Tomcat started on port(s): 8080 (http) with context path ''
Started Application in 1.187 seconds (JVM running for 641.568)
Condition evaluation unchanged
Shutting down ExecutorService 'applicationTaskExecutor'
Starting Application on WAK-20190514FAU with PID 9644 (started by Administrator in G:\IDEA workspace\springboot-freemarker)
No active profile set, falling back to default profiles: default
Tomcat initialized with port(s): 8080 (http)
Initializing ProtocolHandler ["http-nio-8080"]
Starting service [Tomcat]
Starting Servlet engine: [Apache Tomcat/9.0.22]
Initializing Spring embedded WebApplicationContext
Root WebApplicationContext: initialization completed in 727 ms
Initializing ExecutorService 'applicationTaskExecutor'
Adding welcome page template: index
LiveReload server is running on port 35729
Starting ProtocolHandler ["http-nio-8080"]
Tomcat started on port(s): 8080 (http) with context path ''
Started Application in 1.032 seconds (JVM running for 648.248)
Condition evaluation unchanged
Shutting down ExecutorService 'applicationTaskExecutor'
Starting Application on WAK-20190514FAU with PID 9644 (started by Administrator in G:\IDEA workspace\springboot-freemarker)
No active profile set, falling back to default profiles: default
Tomcat initialized with port(s): 8080 (http)
Initializing ProtocolHandler ["http-nio-8080"]
Starting service [Tomcat]
Starting Servlet engine: [Apache Tomcat/9.0.22]
Initializing Spring embedded WebApplicationContext
Root WebApplicationContext: initialization completed in 741 ms
Initializing ExecutorService 'applicationTaskExecutor'
Adding welcome page template: index
LiveReload server is running on port 35729
Starting ProtocolHandler ["http-nio-8080"]
Tomcat started on port(s): 8080 (http) with context path ''
Started Application in 1.029 seconds (JVM running for 653.908)
Condition evaluation unchanged
Shutting down ExecutorService 'applicationTaskExecutor'
Starting Application on WAK-20190514FAU with PID 9644 (started by Administrator in G:\IDEA workspace\springboot-freemarker)
No active profile set, falling back to default profiles: default
Tomcat initialized with port(s): 8080 (http)
Initializing ProtocolHandler ["http-nio-8080"]
Starting service [Tomcat]
Starting Servlet engine: [Apache Tomcat/9.0.22]
Initializing Spring embedded WebApplicationContext
Root WebApplicationContext: initialization completed in 717 ms
Initializing ExecutorService 'applicationTaskExecutor'
Adding welcome page template: index
LiveReload server is running on port 35729
Starting ProtocolHandler ["http-nio-8080"]
Tomcat started on port(s): 8080 (http) with context path ''
Started Application in 1.091 seconds (JVM running for 4083.102)
Condition evaluation unchanged
Shutting down ExecutorService 'applicationTaskExecutor'
Starting Application on WAK-20190514FAU with PID 9644 (started by Administrator in G:\IDEA workspace\springboot-freemarker)
No active profile set, falling back to default profiles: default
Tomcat initialized with port(s): 8080 (http)
Initializing ProtocolHandler ["http-nio-8080"]
Starting service [Tomcat]
Starting Servlet engine: [Apache Tomcat/9.0.22]
Initializing Spring embedded WebApplicationContext
Root WebApplicationContext: initialization completed in 683 ms
Initializing ExecutorService 'applicationTaskExecutor'
Adding welcome page template: index
LiveReload server is running on port 35729
Starting ProtocolHandler ["http-nio-8080"]
Tomcat started on port(s): 8080 (http) with context path ''
Started Application in 1.012 seconds (JVM running for 5150.677)
Condition evaluation unchanged
Shutting down ExecutorService 'applicationTaskExecutor'
Starting Application on WAK-20190514FAU with PID 9644 (started by Administrator in G:\IDEA workspace\springboot-freemarker)
No active profile set, falling back to default profiles: default
Tomcat initialized with port(s): 8080 (http)
Initializing ProtocolHandler ["http-nio-8080"]
Starting service [Tomcat]
Starting Servlet engine: [Apache Tomcat/9.0.22]
Initializing Spring embedded WebApplicationContext
Root WebApplicationContext: initialization completed in 652 ms
Initializing ExecutorService 'applicationTaskExecutor'
Adding welcome page template: index
LiveReload server is running on port 35729
Starting ProtocolHandler ["http-nio-8080"]
Tomcat started on port(s): 8080 (http) with context path ''
Started Application in 0.919 seconds (JVM running for 5333.442)
Condition evaluation unchanged
Shutting down ExecutorService 'applicationTaskExecutor'
Starting Application on WAK-20190514FAU with PID 9644 (started by Administrator in G:\IDEA workspace\springboot-freemarker)
No active profile set, falling back to default profiles: default
Tomcat initialized with port(s): 8080 (http)
Initializing ProtocolHandler ["http-nio-8080"]
Starting service [Tomcat]
Starting Servlet engine: [Apache Tomcat/9.0.22]
Initializing Spring embedded WebApplicationContext
Root WebApplicationContext: initialization completed in 706 ms
Initializing ExecutorService 'applicationTaskExecutor'
Adding welcome page template: index
LiveReload server is running on port 35729
Starting ProtocolHandler ["http-nio-8080"]
Tomcat started on port(s): 8080 (http) with context path ''
Started Application in 1.039 seconds (JVM running for 5361.253)
Condition evaluation unchanged
Shutting down ExecutorService 'applicationTaskExecutor'
Starting Application on WAK-20190514FAU with PID 9644 (started by Administrator in G:\IDEA workspace\springboot-freemarker)
No active profile set, falling back to default profiles: default
Tomcat initialized with port(s): 8080 (http)
Initializing ProtocolHandler ["http-nio-8080"]
Starting service [Tomcat]
Starting Servlet engine: [Apache Tomcat/9.0.22]
Initializing Spring embedded WebApplicationContext
Root WebApplicationContext: initialization completed in 688 ms
Initializing ExecutorService 'applicationTaskExecutor'
Adding welcome page template: index
LiveReload server is running on port 35729
Starting ProtocolHandler ["http-nio-8080"]
Tomcat started on port(s): 8080 (http) with context path ''
Started Application in 1.005 seconds (JVM running for 6253.789)
Condition evaluation unchanged
Shutting down ExecutorService 'applicationTaskExecutor'
Starting Application on WAK-20190514FAU with PID 9644 (started by Administrator in G:\IDEA workspace\springboot-freemarker)
No active profile set, falling back to default profiles: default
Tomcat initialized with port(s): 8080 (http)
Initializing ProtocolHandler ["http-nio-8080"]
Starting service [Tomcat]
Starting Servlet engine: [Apache Tomcat/9.0.22]
Initializing Spring embedded WebApplicationContext
Root WebApplicationContext: initialization completed in 615 ms
Initializing ExecutorService 'applicationTaskExecutor'
Adding welcome page template: index
LiveReload server is running on port 35729
Starting ProtocolHandler ["http-nio-8080"]
Tomcat started on port(s): 8080 (http) with context path ''
Started Application in 0.87 seconds (JVM running for 6336.758)
Condition evaluation unchanged
Shutting down ExecutorService 'applicationTaskExecutor'
Starting Application on WAK-20190514FAU with PID 9644 (started by Administrator in G:\IDEA workspace\springboot-freemarker)
No active profile set, falling back to default profiles: default
Tomcat initialized with port(s): 8080 (http)
Initializing ProtocolHandler ["http-nio-8080"]
Starting service [Tomcat]
Starting Servlet engine: [Apache Tomcat/9.0.22]
Initializing Spring embedded WebApplicationContext
Root WebApplicationContext: initialization completed in 596 ms
Initializing ExecutorService 'applicationTaskExecutor'
Adding welcome page template: index
LiveReload server is running on port 35729
Starting ProtocolHandler ["http-nio-8080"]
Tomcat started on port(s): 8080 (http) with context path ''
Started Application in 0.866 seconds (JVM running for 6355.343)
Condition evaluation unchanged
Shutting down ExecutorService 'applicationTaskExecutor'
Starting Application on WAK-20190514FAU with PID 9644 (started by Administrator in G:\IDEA workspace\springboot-freemarker)
No active profile set, falling back to default profiles: default
Tomcat initialized with port(s): 8080 (http)
Initializing ProtocolHandler ["http-nio-8080"]
Starting service [Tomcat]
Starting Servlet engine: [Apache Tomcat/9.0.22]
Initializing Spring embedded WebApplicationContext
Root WebApplicationContext: initialization completed in 686 ms
Initializing ExecutorService 'applicationTaskExecutor'
Adding welcome page template: index
LiveReload server is running on port 35729
Starting ProtocolHandler ["http-nio-8080"]
Tomcat started on port(s): 8080 (http) with context path ''
Started Application in 1.03 seconds (JVM running for 6425.542)
Condition evaluation unchanged
Shutting down ExecutorService 'applicationTaskExecutor'
